Listes/Liste1
Listes/Liste2
Listes/Liste3
Listes/Liste4
chevre.jsgf
chevre.txt
chevre1.jsgf
chevre10.jsgf
chevre11.jsgf
chevre12.jsgf
chevre2.jsgf
chevre3.jsgf
chevre4.jsgf
chevre5.jsgf
chevre6.jsgf
chevre7.jsgf
chevre8.jsgf
chevre9.jsgf
fr-phone.lm.dmp
fr-small.lm.bin
fr.dict
mot-align.jsgf
mot-word.jsgf
mots.dict
mots.txt
phoneme/blola.txt
phoneme/blolo.txt
phoneme/blolou.txt
phoneme/bloltant.txt
phoneme/buvri.txt
phoneme/buvru.txt
phonemes.dict
ptm/README
ptm/feat.params
ptm/mdef
ptm/means
ptm/mixture_weights
ptm/noisedict
ptm/transition_matrices
ptm/variances